1694645927 80 79
1694645927 76 79 76 79
1694625665 76 79 76 79
1694625600 76 79 76 79
1694625300 76 79 76 79
1694625000 75 79 76 79
1694624700 75 74 75 79
1694624400 75 73 75 73
1694624100 75 73 75 73
1694623800 75 73 75 73
1694623500 75 73 75 73
1694623200 75 73 75 73
1694622900 75 73 75 73
1694622600 74 73 75 73
1694622300 74 73 74 73
1694622000 74 73 76 73
1694621700 76 73 76 73
1694621400 75 73 76 73
1694621100 74 73 75 73
1694620800 74 73 74 73
1694620500 74 73 74 73
1694620200 74 73 74 73
1694619900 74 73 74 73
1694619600 74 73 74 73
1694619300 74 73 74 73
1694619000 74 73 74 73
1694618700 74 73 74 73
1694618400 74 73 74 73
1694618100 73 73 74 73
1694617800 73 73 74 73
1694617500 74 73 74 73
1694617200 74 73 74 73
1694616900 74 73 74 73
1694616600 74 73 74 73
1694616300 74 73 74 73
1694616000 73 73 74 73
1694615700 73 73 74 73
1694615400 74 73 74 73
1694615100 73 73 74 73
1694614800 73 73 73 73
1694614500 73 73 74 73
1694614200 73 73 74 73
1694613900 73 73 73 73
1694613600 73 73 74 73
1694613300 73 73 74 73
1694613000 73 73 74 73
1694612700 74 73 74 73
1694612400 74 73 74 73
1694612100 73 73 74 73
1694611800 73 73 74 73
1694611500 71 73 74 73
1694611200 70 73 70 73
1694610900 70 73 70 73
1694610600 70 73 70 73
1694610300 70 73 70 73
1694610000 70 73 70 73
1694609700 70 73 70 73
1694609400 70 73 70 73
1694609100 70 73 70 73
1694608800 70 73 70 73
1694608500 70 73 70 73
1694608200 70 73 70 73
1694607900 70 73 70 73
1694607600 70 73 70 73
1694607300 70 73 70 73
1694607000 70 73 70 73
1694606700 70 73 70 73
1694606400 70 73 70 73
1694606100 70 73 70 73
1694605800 70 73 70 73
1694605500 70 73 70 73
1694605200 70 73 70 73
1694604900 70 73 70 73
1694604600 70 73 70 73
1694604300 70 73 70 73
1694604000 70 73 70 73
1694603700 70 73 70 73
1694603400 70 73 70 73
1694603100 70 72 70 73
1694602800 70 68 70 68
1694602500 70 68 70 68
1694602200 70 68 70 68
1694601900 70 68 70 68
1694601600 70 68 70 68
1694601300 70 68 70 68
1694601000 70 68 70 68
1694600700 70 68 70 68
1694600400 70 68 70 68
1694600100 70 68 70 68
1694599800 70 68 70 68
1694599500 70 68 70 68
1694599200 70 68 70 68
1694598900 70 68 70 68
1694598600 70 68 70 68
1694598300 70 68 70 68
1694598000 70 68 70 68
1694597700 70 68 70 68
1694597400 70 68 70 68
1694597100 70 68 70 68
1694596800 70 68 70 68
1694596500 70 68 70 68
1694596200 70 68 70 68
1694595900 70 68 71 68
1694595600 71 68 71 68
1694595300 70 68 71 68
1694595000 70 68 70 68
1694594700 70 68 70 68
1694594400 70 68 70 68
1694594100 70 68 70 68
1694593800 70 68 71 68
1694593500 71 68 71 68
1694593200 71 68 71 68
1694592900 71 68 71 68
1694592600 71 68 71 68
1694592300 71 68 71 68
1694592000 71 68 71 68
1694591700 71 68 71 68
1694591400 71 68 71 68
1694591100 71 68 72 68
1694590800 72 68 72 68
1694590500 72 68 72 68
1694590200 72 68 72 68
1694589900 71 68 72 68
1694589600 71 68 71 68
1694589300 71 68 72 68
1694589000 72 68 72 68
1694588700 72 68 72 68
1694588400 72 68 72 68
1694588100 72 68 72 68
1694587800 72 68 72 68
1694587500 72 68 72 68
1694587200 72 68 72 68
1694586900 72 68 72 68
1694586600 72 68 72 68
1694586300 72 68 72 68
1694586000 72 68 72 68
1694585700 72 68 72 68
1694585400 72 68 72 68
1694585100 72 68 72 68
1694584800 72 68 72 68
1694584500 72 68 72 68
1694584200 72 68 72 68
1694583900 72 68 72 68
1694583600 72 68 72 68
1694583300 72 68 72 68
1694583000 72 68 72 68
1694582700 72 68 73 68
1694582400 73 68 73 68
1694582100 73 68 73 68
1694581800 73 68 73 68
1694581500 73 68 73 68
1694581200 73 68 73 68
1694580900 73 68 74 68
1694580600 73 68 73 68
1694580300 73 68 73 68
1694580000 73 68 73 68
1694579700 73 68 73 68
1694579400 73 68 74 68
1694579100 74 68 74 68
1694578800 74 68 74 68
1694578500 74 68 74 68
1694578200 74 68 74 68
1694577900 74 68 74 68
1694577600 74 68 74 68
1694577300 74 68 74 68
1694577000 74 68 74 68
1694576700 74 68 74 68
1694576400 74 68 74 68
1694576100 74 68 74 68
1694575800 74 68 74 68
1694575500 74 68 74 68
1694575200 74 68 74 68
1694574900 74 68 75 68
1694574600 74 68 74 68
1694574300 74 68 74 68
1694574000 74 68 74 68
1694573700 74 68 74 68
1694573400 74 68 74 68
1694573100 74 68 74 68
1694572800 74 68 74 68
1694572500 74 68 74 68
1694572200 74 68 74 68
1694571900 74 68 75 68
1694571600 75 68 76 68
1694571300 76 68 76 68
1694571000 75 68 76 68
1694570700 76 68 76 75
1694570400 75 75 76 75
1694570100 75 75 75 75
1694569800 75 75 76 75
1694569500 76 75 76 75
1694569200 75 75 76 75
1694568900 75 75 76 75
1694568600 76 75 76 75
1694568300 76 75 76 75
1694568000 76 75 76 75
1694567700 75 75 76 75
1694567400 75 75 76 75
1694567100 76 75 76 75
1694566800 76 75 76 75
1694566500 76 75 76 75
1694566200 76 75 76 75
1694565900 76 75 76 75
1694565600 76 75 76 75
1694565300 76 75 76 75
1694565000 76 75 76 75
1694564700 76 75 76 75
1694564400 76 75 76 75
1694564100 76 75 76 75
1694563800 76 75 76 75
1694563500 76 75 76 75
1694563200 76 75 76 75
1694562900 76 75 76 75
1694562600 76 75 76 75
1694562300 76 75 76 75
1694562000 76 75 76 75
1694561700 76 75 76 75
1694561400 76 75 76 75
1694561100 76 75 76 75
1694560800 76 75 76 75
1694560500 76 75 76 75
1694560200 76 75 76 75
1694559900 76 75 76 75
1694559600 76 75 76 75
1694559300 76 75 76 75
1694559000 76 75 76 75
1694558700 76 75 77 75
1694558400 76 75 76 75
1694558100 76 75 76 75
1694557800 76 75 76 75
1694557500 76 75 76 75
1694557200 76 75 76 75
1694556900 76 75 76 75
1694556600 76 75 76 75
1694556300 76 75 76 75
1694556000 76 75 76 75
1694555700 76 75 76 75
1694555400 76 75 76 75
1694555100 76 75 76 75
1694554800 76 75 76 75
1694554500 76 75 76 75
1694554200 76 75 76 75
1694553900 76 75 76 75
1694553600 76 75 76 75
1694553300 76 75 76 75
1694553000 76 75 76 75
1694552700 76 75 76 75
1694552400 76 75 76 75
1694552100 76 75 76 75
1694551800 76 75 76 75
1694551500 76 75 76 75
1694551200 76 75 76 75
1694550900 76 75 76 75
1694550600 76 75 76 75
1694550300 76 75 76 75
1694550000 76 75 76 75
1694549700 76 75 76 75
1694549400 76 75 76 75
1694549100 76 75 76 75
1694548800 76 75 76 75
1694548500 76 75 76 75
1694548200 76 75 76 75
1694547900 76 75 76 75
1694547600 76 75 76 75
1694547300 76 75 76 75
1694547000 76 75 76 75
1694546700 76 75 76 75
1694546400 76 75 76 75
1694546100 76 75 76 75
1694545800 76 75 76 75
1694545500 76 75 76 75
1694545200 76 75 76 75
1694544900 76 75 76 75
1694544600 76 75 76 75
1694544300 76 75 76 75
1694544000 76 75 76 75
1694543700 76 75 76 75
1694543400 76 75 76 75
1694543100 76 75 76 75
1694542800 76 75 76 75
1694542500 75 75 76 75
1694542200 75 75 76 75
1694541900 76 75 76 75
1694541600 76 75 76 75
1694541300 76 75 76 75
1694541000 76 75 76 75
1694540700 76 75 76 75
1694540400 76 75 76 75
1694540100 75 75 76 75
1694539800 76 75 76 75
1694539500 75 75 76 75
1694539200 76 75 76 75
1694538900 75 75 76 75
1694538600 74 75 75 75
1694538300 74 74 74 75
1694538000 74 73 74 73
1694537700 74 73 74 73
1694537400 74 73 74 73
1694537100 74 73 74 73
1694536800 74 73 74 73
1694536500 74 73 74 73
1694536200 74 73 74 73
1694535900 74 73 75 73
1694535600 74 73 75 73
1694535300 74 73 74 73
1694535000 74 73 74 73
1694534700 74 73 74 73
1694534400 74 73 74 73
1694534100 74 73 74 73
1694533800 74 73 74 73
1694533500 74 73 74 73
1694533200 74 73 74 73
1694532900 74 73 74 73
1694532600 74 73 74 73
1694532300 74 73 74 73
1694532000 74 73 74 73
1694531700 73 73 74 73
1694531400 73 73 74 73
1694531100 74 73 74 73
1694530800 74 73 74 73
1694530500 74 73 74 73
1694530200 74 73 74 73
1694529900 73 73 74 73
1694529600 73 73 74 73
1694529300 74 73 74 73
1694529000 74 73 74 73
1694528700 74 73 74 73
1694528400 73 73 74 73
1694528100 73 73 73 73
1694527800 73 73 74 73
1694527500 74 73 74 73
1694527200 73 73 74 73
1694526900 73 73 73 73
1694526600 73 73 73 73
1694526300 73 73 73 73
1694526000 73 73 74 73
1694525700 73 73 73 73
1694525400 73 73 73 73
1694525100 73 73 74 73
1694524800 74 73 74 73
1694524500 73 73 74 73
1694524200 73 73 73 73
1694523900 73 73 73 73
1694523600 73 73 73 73
1694523300 73 73 73 73
1694523000 72 73 73 73
1694522700 72 73 72 73
1694522400 72 73 72 73
1694522100 72 73 72 73
1694521800 72 73 72 73
1694521500 72 73 72 73
1694521200 72 73 72 73
1694520900 72 73 72 73
1694520600 72 73 72 73
1694520300 72 73 72 73
1694520000 72 73 72 73
1694519700 71 73 72 73
1694519400 71 73 71 73
1694519100 71 73 71 73
1694518800 70 73 71 73
1694518500 70 73 70 73
1694518200 70 73 70 73
1694517900 70 73 70 73
1694517600 70 73 70 73
1694517300 70 73 70 73
1694517000 70 73 70 73
1694516700 70 72 70 73
1694516400 70 68 70 68
1694516100 70 68 70 68
1694515800 70 68 70 68
1694515500 70 68 70 68
1694515200 70 68 70 68
1694514900 70 68 70 68
1694514600 70 68 70 68
1694514300 70 68 70 68
1694514000 70 68 70 68
1694513700 70 68 70 68
1694513400 70 68 70 68
1694513100 70 68 70 68
1694512800 70 68 70 68
1694512500 70 68 70 68
1694512200 70 68 70 68
1694511900 70 68 70 68
1694511600 73 68 74 68
1694511300 74 68 74 68
1694511000 74 68 74 68
1694510700 74 68 74 68
1694510400 74 68 74 68
1694510100 74 68 74 68
1694509800 74 68 74 68
1694509500 74 68 74 68
1694509200 74 68 74 68
1694508900 74 68 74 68
1694508600 74 68 74 68
1694508300 74 68 74 68
1694508000 74 68 74 68
1694507700 74 68 74 68
1694507400 74 68 74 68
1694507100 74 68 74 68
1694506800 74 68 74 68
1694506500 74 68 74 68
1694506200 74 68 74 68
1694505900 74 68 74 68
1694505600 74 68 74 68
1694505300 74 68 74 68
1694505000 74 68 74 68
1694504700 74 68 74 68
1694504400 74 68 74 68
1694504100 74 68 74 68
1694503800 74 68 74 68
1694503500 74 68 74 68
1694503200 74 68 74 68
1694502900 74 68 74 68
1694502600 74 68 74 68
1694502300 74 68 74 68
1694502000 74 68 74 68
1694501700 74 68 74 68
1694501400 74 68 74 68
1694501100 74 68 74 68
1694500800 74 68 74 68
1694500500 74 68 74 68
1694500200 74 68 74 68
1694499900 74 68 74 68
1694499600 74 68 74 68
1694499300 74 68 74 68
1694499000 74 68 74 68
1694498700 74 68 74 68
1694498400 74 68 74 68
1694498100 74 68 74 68
1694497800 74 68 74 68
1694497500 74 68 74 68
1694497200 74 68 74 68
1694496900 74 68 74 68
1694496600 74 68 74 68
1694496300 74 68 74 68
1694496000 74 68 74 68
1694495700 74 68 74 68
1694495400 74 68 74 68
1694495100 74 68 74 68
1694494800 74 68 74 68
1694494500 74 68 74 68
1694494200 74 68 74 68
1694493900 74 68 74 68
1694493600 74 68 74 68
1694493300 74 68 74 68
1694493000 74 68 74 68
1694492700 74 68 74 68
1694492400 74 68 74 68
1694492100 74 68 74 68
1694491800 74 68 74 68
1694491500 74 68 74 68
1694491200 74 68 74 68
1694490900 74 68 74 68
1694490600 74 68 74 68
1694490300 74 68 74 68
1694490000 74 68 74 68
1694489700 74 68 74 68
1694489400 74 68 74 68
1694489100 74 68 74 68
1694488800 74 68 74 68
1694488500 74 68 74 68
1694488200 74 68 74 68
1694487900 74 68 74 68
1694487600 74 68 74 68
1694487300 74 68 74 68
1694487000 74 68 74 68
1694486700 74 68 75 68
1694486400 75 68 75 68
1694486100 75 68 75 68
1694485800 75 68 75 68
1694485500 75 68 75 68
1694485200 75 68 75 68
1694484900 75 68 75 68
1694484600 75 68 76 68
1694484300 75 68 76 75
1694484000 75 75 76 75
1694483700 76 75 76 75
1694483400 76 75 76 75
1694483100 76 75 76 75
1694482800 76 75 76 75
1694482500 76 75 76 75
1694482200 76 75 76 75
1694481900 76 75 76 75
1694481600 76 75 76 75
1694481300 76 75 76 75
1694481000 76 75 76 75
1694480700 76 75 76 75
1694480400 76 75 76 75
1694480100 76 75 76 75
1694479800 76 75 76 75
1694479500 76 75 76 75
1694479200 76 75 76 75
1694478900 76 75 76 75
1694478600 76 75 76 75
1694478300 76 75 76 75
1694478000 76 75 76 75
1694477700 76 75 76 75
1694477400 76 75 76 75
1694477100 76 75 76 75
1694476800 76 75 76 75
1694476500 76 75 76 75
1694476200 76 75 76 75
1694475900 76 75 76 75
1694475600 76 75 76 75
1694475300 76 75 76 75
1694475000 76 75 76 75
1694474700 76 75 76 75
1694474400 76 75 76 75
1694474100 76 75 76 75
1694473800 76 75 76 75
1694473500 76 75 76 75
1694473200 76 75 76 75
1694472900 76 75 76 75
1694472600 76 75 76 75
1694472300 76 75 76 75
1694472000 76 75 76 75
1694471700 76 75 76 75
1694471400 76 75 76 75
1694471100 76 75 76 75
1694470800 76 75 76 75
1694470500 76 75 76 75
1694470200 76 75 76 75
1694469900 76 75 76 75
1694469600 76 75 76 75
1694469300 76 75 76 75
1694469000 76 75 76 75
1694468700 76 75 76 75
1694468400 76 75 76 75
1694468100 76 75 76 75
1694467800 76 75 76 75
1694467500 76 75 76 75
1694467200 76 75 76 75
1694466900 76 75 76 75
1694466600 76 75 76 75
1694466300 76 75 76 75
1694466000 76 75 76 75
1694465700 76 75 76 75
1694465400 76 75 76 75
1694465100 76 75 76 75
1694464800 76 75 76 75
1694464500 76 75 76 75
1694464200 76 75 76 75
1694463900 76 75 76 75
1694463600 76 75 76 75
1694463300 76 75 76 75
1694463000 76 75 76 75
1694462700 76 75 76 75
1694462400 76 75 76 75
1694462100 76 75 76 75
1694461800 76 75 76 75
1694461500 76 75 76 75
1694461200 76 75 76 75
1694460900 76 75 76 75
1694460600 76 75 76 75
1694460300 76 75 76 75
1694460000 76 75 76 75
1694459700 76 75 76 75
1694459400 76 75 76 75
1694459100 76 75 76 75
1694458800 76 75 76 75
1694458500 76 75 76 75
1694458200 76 75 76 75
1694457900 76 75 76 75
1694457600 76 75 76 75
1694457300 76 75 76 75
1694457000 76 75 76 75
1694456700 76 75 76 75
1694456400 76 75 76 75
1694456100 76 75 76 75
1694455800 76 75 76 75
1694455500 76 75 76 75
1694455200 75 75 76 75
1694454900 75 75 76 75
1694454600 76 75 76 75
1694454300 76 75 76 75
1694454000 76 75 76 75
1694453700 76 75 76 75
1694453400 76 75 76 75
1694453100 75 75 76 75
1694452800 76 75 76 75
1694452500 76 75 76 75
1694452200 75 75 76 75
1694451900 75 74 75 75
1694451600 75 73 75 73
1694451300 75 73 75 73
1694451000 75 73 75 73
1694450700 74 73 75 73
1694450400 75 73 76 73
1694450100 76 73 76 73
1694449800 76 73 76 73
1694449500 74 73 76 73
1694449200 75 73 75 73
1694448900 75 73 75 73
1694448600 74 73 75 73
1694448300 74 73 74 73
1694448000 74 73 74 73
1694447700 74 73 75 73
1694447400 74 73 75 73
1694447100 75 73 75 73
1694446800 75 73 75 73
1694446500 74 73 75 73
1694446200 74 73 74 73
1694445900 73 73 74 73
1694444400 72 73 74 73
1694442600 72 73 72 73
1694440800 72 73 72 73
1694439000 72 73 72 73
1694437200 72 73 72 73
1694435400 71 73 72 73
1694433600 70 73 71 73
1694431800 69 72 70 73
1694430000 69 68 70 68
1694428200 70 68 70 68
1694426400 70 68 70 68
1694424600 70 68 70 68
1694422800 70 68 70 68
1694421000 72 68 73 68
1694419200 73 68 73 68
1694417400 73 68 73 68
1694415600 73 68 73 68
1694413800 73 68 73 68
1694412000 73 68 73 68
1694410200 73 68 73 68
1694408400 73 68 73 68
1694406600 73 68 73 68
1694404800 73 68 74 68
1694403000 74 68 74 68
1694401200 74 68 75 68
1694399400 74 68 76 75
1694397600 75 75 76 75
1694395800 75 75 76 75
1694394000 76 75 76 75
1694392200 75 75 76 75
1694390400 76 75 76 75
1694388600 76 75 76 75
1694386800 76 75 76 75
1694385000 76 75 76 75
1694383200 76 75 76 75
1694381400 76 75 76 75
1694379600 76 75 76 75
1694377800 76 75 76 75
1694376000 76 75 76 75
1694374200 76 75 76 75
1694372400 75 75 76 75
1694370600 74 73 76 75
1694368800 74 73 74 73
1694367000 74 73 74 73
1694365200 74 73 74 73
1694363400 74 73 74 73
1694361600 73 73 74 73
1694359800 73 69 74 73
1694358000 72 68 73 68
1694356200 73 68 73 68
1694354400 72 68 73 68
1694352600 72 68 73 68
1694350800 72 68 73 68
1694349000 73 68 74 68
1694347200 75 72 76 75
1694345400 76 75 76 75
1694343600 76 75 76 75
1694341800 76 75 76 75
1694340000 76 75 76 75
1694338200 76 75 76 75
1694336400 76 75 76 75
1694334600 74 75 76 75
1694332800 74 75 76 75
1694331000 75 75 76 75
1694329200 74 75 76 75
1694327400 74 75 76 75
1694325600 74 75 76 75
1694323800 74 75 76 75
1694322000 74 75 76 75
1694320200 74 75 74 75
1694318400 74 75 76 75
1694316600 74 75 76 75
1694314800 74 75 76 75
1694313000 73 73 74 75
1694311200 73 73 74 73
1694309400 73 73 74 73
1694307600 73 73 74 73
1694305800 73 73 74 73
1694304000 73 73 74 73
1694302200 74 73 74 73
1694300400 74 73 74 73
1694298600 74 73 74 73
1694296800 74 73 74 73
1694295000 73 73 74 73
1694293200 73 73 74 73
1694291400 72 69 74 73
1694289600 73 68 73 68
1694287800 73 68 73 68
1694286000 73 68 73 68
1694284200 73 68 74 68
1694282400 74 68 74 68
1694280600 72 68 74 68
1694278800 72 68 73 68
1694277000 73 68 73 68
1694275200 73 68 73 68
1694273400 72 68 73 68
1694271600 72 68 72 68
1694269800 72 68 72 68
1694268000 72 68 72 68
1694266200 72 68 72 68
1694264400 72 68 73 68
1694262600 72 68 73 68
1694260800 73 68 74 68
1694259000 74 71 76 75
1694257200 74 75 76 75
1694255400 75 75 75 75
1694253600 74 75 75 75
1694251800 74 75 76 75
1694250000 74 75 76 75
1694248200 75 75 76 75
1694246400 74 75 76 75
1694244600 74 75 76 75
1694242800 74 75 76 75
1694241000 74 75 76 75
1694239200 74 75 76 75
1694237400 74 75 76 75
1694235600 75 75 76 75
1694233800 74 75 76 75
1694232000 75 75 76 75
1694230200 74 75 76 75
1694228400 74 75 76 75
1694226600 73 73 74 75
1694224800 74 73 74 73
1694223000 75 74 76 75
1694221200 75 75 76 75
1694219400 75 75 76 75
1694217600 75 75 76 75
1694215800 75 75 76 75
1694214000 75 75 76 75
1694212200 75 75 76 75
1694210400 75 75 76 75
1694208600 74 75 76 75
1694206800 75 75 76 75
1694205000 75 75 76 75
1694203200 74 75 76 75
1694201400 75 75 76 75
1694199600 74 75 76 75
1694197800 74 75 76 75
1694196000 74 75 76 75
1694194200 73 74 75 75
1694192400 73 73 74 73
1694190600 74 73 74 73
1694188800 74 73 74 73
1694187000 73 73 74 73
1694185200 73 73 74 73
1694183400 72 73 74 73
1694181600 72 73 74 73
1694179800 72 73 74 73
1694178000 72 73 72 73
1694176200 71 73 72 73
1694174400 70 73 71 73
1694172600 68 72 70 73
1694170800 69 68 69 68
1694169000 69 68 69 68
1694167200 69 68 70 68
1694165400 70 68 70 68
1694163600 70 68 70 68
1694161800 70 68 70 68
1694160000 70 68 70 68
1694158200 70 68 70 68
1694156400 70 68 72 68
1694154600 71 68 72 68
1694152800 72 68 72 68
1694151000 72 68 72 68
1694149200 72 68 72 68
1694147400 72 68 73 68
1694145600 73 68 74 68
1694143800 73 68 75 75
1694142000 75 75 75 75
1694140200 75 75 75 75
1694138400 75 75 76 75
1694136600 75 75 76 75
1694134800 75 75 76 75
1694133000 75 75 76 75
1694131200 75 75 76 75
1694129400 76 75 76 75
1694127600 76 75 76 75
1694125800 76 75 76 75
1694124000 76 75 76 75
1694122200 75 75 76 75
1694120400 76 75 76 75
1694118600 76 75 76 75
1694116800 76 75 76 75
1694115000 75 75 76 75
1694113200 75 75 76 75
1694111400 75 75 76 75
1694109600 74 73 76 75
1694107800 74 73 74 73
1694106000 74 73 74 73
1694104200 73 73 74 73
1694102400 73 73 74 73
1694100600 73 73 74 73
1694098800 73 73 74 73
1694097000 73 73 74 73
1694095200 73 73 74 73
1694093400 73 73 74 73
1694091600 72 73 73 73
1694089800 72 73 72 73
1694088000 71 73 72 73
1694086200 68 72 70 73
1694084400 68 68 68 68
1694082600 69 68 70 68
1694080800 69 68 70 68
1694079000 70 68 70 68
1694077200 70 68 70 68
1694075400 70 68 70 68
1694073600 70 68 71 68
1694071800 71 68 71 68
1694070000 71 68 71 68
1694068200 71 68 72 68
1694066400 72 68 72 68
1694064600 72 68 73 68
1694062800 72 68 73 68
1694061000 73 68 74 68
1694059200 73 68 74 68
1694057400 73 68 74 68
1694055600 74 71 75 75
1694053800 75 75 75 75
1694052000 75 75 76 75
1694050200 75 75 76 75
1694048400 75 75 76 75
1694046600 75 75 76 75
1694044800 76 75 76 75
1694043000 76 75 76 75
1694041200 76 75 76 75
1694039400 76 75 76 75
1694037600 76 75 76 75
1694035800 76 75 76 75
1694034000 76 75 76 75
1694032200 76 75 76 75
1694030400 76 75 76 75
1694028600 76 75 76 75
1694026800 75 75 76 75
1694025000 75 75 76 75
1694023200 74 75 76 75
1694021400 74 74 76 75
1694019600 74 73 74 73
1694017800 73 73 74 73
1694016000 74 73 74 73
1694014200 73 73 74 73
1694012400 73 73 74 73
1694010600 73 73 74 73
1694008800 72 73 74 73
1694007000 72 73 72 73
1694005200 70 70 72 73
1694003400 69 68 69 68
1694001600 69 68 69 68
1693999800 69 68 69 68
1693998000 69 68 69 68
1693996200 68 68 69 68
1693994400 68 68 69 68
1693992600 69 68 70 68
1693990800 70 68 70 68
1693989000 70 68 70 68
1693987200 70 68 70 68
1693985400 70 68 70 68
1693983600 70 68 71 68
1693981800 71 68 72 68
1693980000 72 68 72 68
1693978200 72 68 72 68
1693976400 72 68 72 68
1693974600 72 68 73 68
1693972800 73 68 73 68
1693971000 73 68 74 68
1693969200 74 68 74 68
1693967400 74 68 74 68
1693965600 74 69 76 75
1693963800 75 75 76 75
1693962000 75 75 76 75
1693960200 75 75 76 75
1693958400 76 75 76 75
1693956600 76 75 76 75
1693954800 76 75 76 75
1693953000 76 75 76 75
1693951200 76 75 76 75
1693949400 76 75 76 75
1693947600 76 75 76 75
1693945800 76 75 76 75
1693944000 76 75 76 75
1693942200 76 75 76 75
1693940400 75 75 76 75
1693938600 76 75 76 75
1693936800 75 75 76 75
1693935000 74 74 76 75
1693933200 74 73 74 73
1693931400 74 73 74 73
1693929600 74 73 74 73
1693927800 74 73 74 73
1693926000 73 73 74 73
1693924200 73 73 74 73
1693922400 73 73 74 73
1693920600 72 73 74 73
1693918800 72 73 72 73
1693917000 70 73 72 73
1693915200 70 73 70 73
1693913400 68 72 70 73
1693911600 68 68 68 68
1693909800 68 68 68 68
1693908000 68 68 69 68
1693906200 69 68 70 68
1693904400 70 68 70 68
1693902600 70 68 70 68
1693900800 70 68 70 68
1693899000 70 68 71 68
1693897200 71 68 72 68
1693895400 72 68 72 68
1693893600 72 68 72 68
1693891800 72 68 72 68
1693890000 72 68 73 68
1693888200 73 68 74 68
1693886400 74 68 74 68
1693884600 74 68 74 68
1693882800 74 68 74 68
1693881000 74 68 75 75
1693879200 75 75 76 75
1693877400 76 75 76 75
1693875600 75 75 76 75
1693873800 76 75 76 75
1693872000 75 75 76 75
1693870200 76 75 76 75
1693868400 76 75 76 75
1693866600 76 75 76 75
1693864800 76 75 76 75
1693863000 76 75 76 75
1693861200 76 75 76 75
1693859400 76 75 76 75
1693857600 76 75 76 75
1693855800 76 75 76 75
1693854000 75 75 76 75
1693852200 75 75 76 75
1693850400 75 75 76 75
1693848600 73 74 76 75
1693846800 73 73 74 73
1693845000 74 73 74 73
1693843200 74 73 74 73
1693841400 73 73 74 73
1693839600 74 73 74 73
1693837800 73 73 74 73
1693836000 73 73 73 73
1693834200 73 73 73 73
1693832400 72 73 73 73
1693830600 71 73 72 73
1693828800 70 73 71 73
1693827000 68 72 70 73
1693825200 68 68 69 68
1693823400 69 68 70 68
1693821600 70 68 70 68
1693819800 70 68 70 68
1693818000 70 68 70 68
1693816200 70 68 71 68
1693814400 71 68 72 68
1693812600 72 68 72 68
1693810800 72 68 73 68
1693809000 73 68 73 68
1693807200 73 68 74 68
1693805400 74 68 74 68
1693803600 74 68 75 68
1693801800 75 68 75 68
1693800000 75 68 76 68
1693798200 76 68 76 68
1693796400 76 68 77 68
1693794600 77 68 78 75
1693792800 78 75 78 75
1693791000 78 75 79 75
1693789200 79 75 80 75
1693787400 80 75 80 75
1693785600 80 75 80 75
1693783800 80 75 82 75
1693782000 82 75 82 75
1693780200 82 75 82 75
1693778400 82 75 82 75
1693776600 82 75 84 75
1693774800 84 75 84 75
1693773000 84 75 86 75
1693771200 85 14 85 75
1693769400 85 0 85 0
1693767600 84 55 85 75
1693765800 84 75 84 75
1693764000 82 58 84 75
1693762200 82 0 82 0
1693760400 82 0 82 0
1693758600 82 0 82 0
1693756800 82 68 83 73
1693755000 82 73 83 73
1693753200 82 73 82 73
1693751400 81 73 82 73
1693749600 80 57 81 73
1693747800 80 23 80 73
1693746000 80 73 80 73
1693744200 80 73 80 73
1693742400 80 73 80 73
1693740600 80 72 80 73
1693738800 80 68 80 68
1693737000 80 68 80 68
1693735200 80 68 80 68
1693733400 80 44 82 68
1693731600 82 0 82 0
1693729800 82 0 82 0
1693728000 82 0 82 0
1693726200 82 0 82 0
1693724400 82 0 82 0
1693722600 82 0 82 0
1693720800 82 63 82 68
1693719000 82 68 83 68
1693717200 82 68 83 68
1693715400 82 68 83 68
1693713600 83 68 84 68
1693711800 83 68 84 68
1693710000 83 68 84 68
1693708200 83 68 84 75
1693706400 84 4 84 75
1693704600 84 60 84 75
1693702800 84 75 84 75
1693701000 84 75 84 75
1693699200 84 75 84 75
1693697400 84 75 84 75
1693695600 84 75 84 75
1693693800 84 75 84 75
1693692000 84 75 84 75
1693690200 84 54 84 75
1693688400 84 75 84 75
1693686600 84 75 84 75
1693684800 82 75 84 75
1693683000 82 75 84 75
1693681200 82 75 82 75
1693679400 82 75 82 75
1693677600 81 75 82 75
1693675800 80 34 81 75
1693674000 80 13 80 73
1693672200 80 73 80 73
1693670400 80 73 80 73
1693668600 79 73 80 73
1693666800 78 73 79 73
1693665000 78 73 78 73
1693663200 78 73 78 73
1693661400 76 73 78 73
1693659600 76 53 76 73
1693657800 76 0 76 0
1693656000 76 0 76 0
1693654200 76 14 76 73
1693652400 76 68 76 68
1693650600 75 68 76 68
1693648800 75 68 76 68
1693647000 75 68 76 68
1693645200 74 68 76 68
1693643400 74 68 75 68
1693641600 74 68 75 68
1693639800 74 48 74 68
1693638000 74 0 74 0
1693636200 74 0 74 0
1693634400 74 0 74 0
1693632600 74 0 74 0
1693630800 74 0 74 0
1693629000 74 0 74 0
1693627200 74 0 74 0
1693625400 74 26 75 68
1693623600 74 68 75 68
1693621800 75 68 76 75
1693620000 76 75 76 75
1693618200 76 75 76 75
1693616400 76 75 76 75
1693614600 76 75 77 75
1693612800 77 75 77 75
1693611000 77 44 78 75
1693609200 78 0 78 0
1693607400 78 0 78 0
1693605600 78 65 78 75
1693603800 78 75 78 75
1693602000 78 75 78 75
1693600200 77 75 78 75
1693598400 76 75 77 75
1693596600 76 75 77 75
1693594800 76 75 76 75
1693593000 76 75 76 75
1693591200 76 9 76 75
1693589400 76 54 76 75
1693587600 76 70 76 70
1693585800 76 72 76 73
1693584000 74 73 76 73
1693582200 74 73 74 73
1693580400 74 73 74 73
1693578600 74 73 74 73
1693576800 73 73 74 73
1693575000 73 18 74 73
1693573200 73 63 74 73
1693571400 73 73 74 73
1693569600 73 73 74 73
1693567800 71 72 73 73
1693566000 71 68 72 68
1693564200 72 68 72 68
1693562400 72 68 72 68
1693560600 72 68 72 68
1693558800 72 8 72 68
1693557000 72 0 72 68
1693555200 72 68 73 68
1693553400 72 68 73 68
1693551600 73 68 73 68
1693549800 73 68 74 68
1693548000 73 68 74 68
1693546200 74 68 74 68
1693544400 74 68 74 68
1693542600 74 62 76 68
1693540800 76 0 76 0
1693539000 76 0 76 0
1693537200 76 8 76 68
1693535400 76 68 76 75
1693533600 76 75 76 75
1693531800 76 75 76 75
1693530000 76 75 78 75
1693528200 77 75 78 75
1693526400 77 75 78 75
1693524600 78 75 78 75
1693522800 78 64 78 75
1693521000 78 0 78 0
1693519200 78 65 78 75
1693517400 77 75 78 75
1693515600 76 75 78 75
1693513800 76 75 76 75
1693512000 76 75 76 75
1693510200 76 75 76 75
1693508400 76 75 76 75
1693506600 76 75 76 75
1693504800 74 9 76 75
1693503000 74 0 74 0
1693501200 74 0 74 0
1693499400 74 0 74 0
1693497600 74 0 74 0
1693495800 74 3 74 73
1693494000 74 73 74 73
1693492200 73 73 74 73
1693490400 73 73 74 73
1693488600 73 73 74 73
1693486800 73 73 74 73
1693485000 73 73 74 73
1693483200 72 73 73 73
1693481400 72 72 72 73
1693479600 71 68 72 68
1693477800 71 68 72 68
1693476000 72 68 72 68
1693474200 72 68 72 68
1693472400 72 68 72 68
1693470600 72 68 73 68
1693468800 72 68 73 68
1693467000 72 62 73 68
1693465200 73 0 73 0
1693463400 73 0 73 0
1693461600 73 63 73 68
1693459800 73 68 74 68
1693458000 74 68 74 68
1693456200 74 68 74 68
1693454400 74 68 75 68
1693452600 74 68 75 68
1693450800 74 68 76 68
1693449000 75 68 76 75
1693447200 76 4 76 75
1693445400 75 70 76 75
1693443600 75 75 76 75
1693441800 75 75 76 75
1693440000 76 75 76 75
1693438200 76 75 76 75
1693436400 76 75 76 75
1693434600 76 75 76 75
1693432800 76 74 76 75
1693431000 76 0 76 0
1693429200 76 0 76 0
1693427400 76 0 76 0
1693425600 76 0 76 0
1693423800 76 0 76 0
1693422000 76 60 76 75
1693420200 75 75 76 75
1693418400 75 75 76 75
1693416600 74 74 76 75
1693414800 74 73 74 73
1693413000 73 73 74 73
1693411200 74 19 74 73
1693409400 73 60 74 73
1693407600 73 63 74 73
1693405800 73 73 74 73
1693404000 73 73 74 73
1693402200 73 73 74 73
1693400400 73 73 74 73
1693398600 73 73 74 73
1693396800 73 73 74 73
1693395000 72 72 74 73
1693393200 72 22 72 68
1693391400 72 35 73 68
1693389600 72 68 73 68
1693387800 72 68 73 68
1693386000 72 68 72 68
1693384200 72 68 72 68
1693382400 72 68 73 68
1693380600 72 68 72 68
1693378800 72 68 73 68
1693377000 72 58 73 68
1693375200 73 68 73 68
1693373400 73 68 74 68
1693371600 73 68 74 68
1693369800 74 68 74 68
1693368000 74 68 74 68
1693366200 74 68 74 68
1693364400 74 63 76 75
1693360800 75 75 76 75
1693353600 75 69 76 75
1693346400 75 23 76 75
1693339200 75 75 76 75
1693332000 75 52 76 75
1693324800 74 73 75 73
1693317600 73 70 74 73
1693310400 71 58 73 73
1693303200 72 68 72 68
1693296000 72 9 73 68
1693288800 73 51 74 68
1693281600 74 68 76 75
1693274400 71 32 76 75
1693267200 70 0 70 0
1693260000 70 0 70 0
1693252800 70 0 70 0
1693245600 70 0 70 0
1693238400 70 0 70 0
1693231200 70 0 70 0
1693224000 70 0 70 68
1693216800 70 68 72 68
1693209600 72 66 73 68
1693202400 73 39 74 68
1693195200 74 68 76 75
1693188000 76 63 77 75
1693180800 77 75 78 75
1693173600 77 58 78 75
1693166400 74 67 77 75
1693159200 73 0 73 0
1693152000 73 0 73 0
1693144800 73 0 73 0
1693137600 73 0 73 0
1693130400 73 0 73 0
1693123200 73 0 73 0
1693116000 73 0 73 0
1693108800 73 0 73 0
1693101600 73 0 73 0
1693094400 73 0 73 0
1693087200 73 0 73 0
1693080000 73 0 73 0
1693072800 73 0 73 0
1693065600 73 0 73 0
1693058400 73 0 73 0
1693051200 73 0 73 0
1693044000 73 0 73 0
1693036800 73 0 73 0
1693029600 73 0 73 0
1693022400 73 0 73 0
1693015200 73 0 73 0
1693008000 73 0 73 0
1693000800 73 0 73 0
1692993600 73 0 73 0
1692986400 73 0 73 0
1692979200 73 0 73 0
1692972000 73 0 73 0
1692964800 73 0 73 0
1692957600 73 0 73 0
1692950400 73 0 73 0
1692943200 73 0 73 0
1692936000 73 0 73 0
1692928800 73 0 73 0
1692921600 73 0 73 0
1692914400 73 0 73 0
1692907200 73 0 73 0
1692900000 73 0 73 0
1692892800 73 0 73 0
1692885600 72 12 73 73
1692878400 70 70 72 73
1692871200 70 67 72 68
1692864000 72 66 72 68
1692856800 72 68 74 68
1692849600 74 68 76 75
1692842400 76 75 77 75
1692835200 76 75 78 75
1692828000 76 75 77 75
1692820800 76 73 76 75
1692813600 74 73 76 75
1692806400 73 73 74 73
1692799200 72 73 74 73
1692792000 70 70 72 73
1692784800 70 67 71 68
1692777600 71 66 72 68
1692770400 72 68 74 68
1692763200 74 68 76 75
1692756000 76 75 77 75
1692748800 76 73 78 75
1692741600 76 75 78 75
1692734400 76 75 76 75
1692727200 74 73 76 75
1692720000 73 73 74 73
1692712800 72 73 74 73
1692705600 70 70 72 73
1692698400 70 67 71 68
1692691200 71 64 72 68
1692684000 72 68 74 68
1692676800 73 68 76 75
1692669600 75 75 76 75
1692662400 76 75 78 75
1692655200 76 75 77 75
1692648000 76 75 76 75
1692640800 74 73 76 75
1692633600 73 73 74 73
1692626400 72 73 74 73
1692619200 69 69 72 73
1692612000 70 67 70 68
1692604800 70 65 71 68
1692597600 71 68 74 68
1692590400 72 66 76 75
1692583200 74 75 76 75
1692576000 75 75 76 75
1692568800 76 75 76 75
1692561600 76 75 76 75
1692554400 74 73 76 75
1692547200 73 71 74 73
1692540000 73 73 74 73
1692532800 70 70 73 73
1692525600 70 67 72 68
1692518400 72 66 74 68
1692511200 74 68 76 68
1692504000 76 68 78 75
1692496800 77 75 79 75
1692489600 78 75 80 75
1692482400 77 75 78 75
1692475200 76 73 77 75
1692468000 74 73 76 75
1692460800 72 64 74 73
1692453600 71 0 71 0
1692446400 71 0 71 0
1692439200 71 0 71 0
1692432000 70 66 72 68
1692424800 72 68 73 68
1692417600 72 65 76 75
1692410400 75 75 76 75
1692403200 75 71 76 75
1692396000 75 75 76 75
1692388800 75 64 76 75
1692381600 74 72 76 75
1692374400 73 73 74 73
1692367200 70 4 74 73
1692360000 70 0 70 0
1692352800 70 0 70 0
1692345600 70 66 72 68
1692338400 71 66 73 68
1692331200 72 68 76 75
1692324000 75 75 76 75
1692316800 75 75 77 75
1692309600 77 75 77 75
1692302400 77 75 77 75
1692295200 77 75 77 75
1692288000 77 75 77 75
1692280800 77 75 77 75
1692273600 77 75 77 75
1692266400 77 75 77 75
1692259200 77 75 77 75
1692252000 77 75 77 75
1692244800 77 75 77 75
1692237600 77 75 77 75
1692230400 77 75 77 75
1692223200 77 75 77 75
1692216000 77 75 77 75
1692208800 77 75 77 75
1692201600 77 75 77 75
1692194400 77 75 77 75
1692187200 77 75 77 75
1692180000 77 75 77 75
1692172800 77 75 77 75
1692165600 77 75 77 75
1692158400 77 75 77 75
1692151200 77 75 77 75
1692144000 77 75 77 75
1692136800 77 75 77 75
1692129600 75 75 77 75
1692122400 30 30 76 75
1692115200 0 0 0 0
1692108000 0 0 0 0
1692100800 0 0 0 0
1692093600 0 0 0 0
1692086400 0 0 0 0
1692079200 0 0 0 0
1692072000 0 0 0 0
1692064800 0 0 0 0
1692057600 0 0 0 0
1692050400 0 0 0 0
1692043200 0 0 0 0
1692036000 0 0 0 0
1692028800 0 0 0 0
1692021600 0 0 0 0
1692014400 0 0 0 0
1692007200 0 0 0 0
1692000000 0 0 0 0
1691992800 0 0 0 0
1691985600 0 0 0 0
1691978400 0 0 0 0
1691971200 0 0 0 0
1691964000 0 0 0 0
1691956800 0 0 0 0
1691949600 0 0 0 0
1691942400 0 0 0 0
1691935200 0 0 0 0
1691928000 0 0 0 0
1691920800 0 0 0 0
1691913600 0 0 0 0
1691906400 0 0 0 0
1691899200 0 0 0 0
1691892000 0 0 0 0
1691884800 0 0 0 0
1691877600 0 0 0 0
1691870400 0 0 0 0
1691863200 0 0 0 0
1691856000 0 0 0 0
1691848800 0 0 0 0
1691841600 0 0 0 0
1691834400 0 0 0 0
1691827200 0 0 0 0
1691820000 0 0 0 0
1691812800 0 0 0 0
1691805600 0 0 0 0
1691798400 0 0 0 0
1691791200 0 0 0 0
1691784000 0 0 0 0
1691776800 0 0 0 0
1691769600 0 0 0 0
1691762400 0 0 0 0
1691755200 0 0 0 0
1691748000 0 0 0 0
1691740800 0 0 0 0
1691733600 0 0 0 0
1691726400 0 0 0 0
1691719200 0 0 0 0
1691712000 0 0 0 0
1691704800 0 0 0 0
1691697600 0 0 0 0
1691690400 0 0 0 0
1691683200 0 0 0 0
1691676000 0 0 0 0
1691668800 0 0 0 0
1691661600 0 0 0 0
1691654400 0 0 0 0
1691647200 0 0 0 0
1691640000 0 0 0 0
1691632800 0 0 0 0
1691625600 0 0 0 0
1691618400 0 0 0 0
1691611200 0 0 0 0
1691604000 0 0 0 0
1691596800 0 0 0 0
1691589600 0 0 0 0
1691582400 0 0 0 0
1691575200 0 0 0 0
1691568000 0 0 0 0
1691560800 0 0 0 0
1691553600 0 0 0 0
1691546400 0 0 0 0
1691539200 0 0 0 0
1691532000 0 0 0 0
1691524800 0 0 0 0
1691517600 0 0 0 0
1691510400 0 0 0 0
1691503200 0 0 0 0
1691496000 0 0 0 0
1691488800 0 0 0 0
1691481600 0 0 0 0
1691474400 0 0 0 0
1691467200 0 0 0 0
1691460000 0 0 0 0
1691452800 0 0 0 0
1691445600 0 0 0 0
1691438400 0 0 0 0
1691431200 0 0 0 0
1691424000 0 0 0 0
1691416800 0 0 0 0
1691409600 0 0 0 0
1691402400 0 0 0 0
1691395200 0 0 0 0
1691388000 0 0 0 0
1691380800 0 0 0 0
1691373600 0 0 0 0
1691366400 0 0 0 0
1691359200 0 0 0 0
1691352000 0 0 0 0
1691344800 0 0 0 0
1691337600 0 0 0 0
1691330400 0 0 0 0
1691323200 0 0 0 0
1691316000 0 0 0 0
1691308800 0 0 0 0
1691301600 0 0 0 0
1691294400 0 0 0 0
1691287200 0 0 0 0
1691280000 0 0 0 0
1691272800 0 0 0 0
1691265600 0 0 0 0
1691258400 0 0 0 0
1691251200 0 0 0 0
1691244000 0 0 0 0
1691236800 0 0 0 0
1691229600 0 0 0 0
1691222400 0 0 0 0
1691215200 0 0 0 0
1691208000 0 0 0 0
1691200800 0 0 0 0
1691193600 0 0 0 0
1691186400 0 0 0 0
1691179200 0 0 0 0
1691172000 0 0 0 0
1691164800 0 0 0 0
1691157600 0 0 0 0
1691150400 0 0 0 0
1691143200 0 0 0 0
1691136000 0 0 0 0
1691128800 0 0 0 0
1691121600 0 0 0 0
1691114400 0 0 0 0
1691107200 0 0 0 0
1691100000 0 0 0 0
1691092800 0 0 0 0
1691085600 0 0 0 0
1691078400 0 0 0 0
1691071200 0 0 0 0
1691064000 0 0 0 0
1691056800 0 0 0 0
1691049600 0 0 0 0
1691042400 0 0 0 0
1691035200 0 0 0 0
1691028000 0 0 0 0
1691020800 0 0 0 0
1691013600 0 0 0 0
1691006400 0 0 0 0
1690999200 0 0 0 0
1690992000 0 0 0 0
1690984800 0 0 0 0
1690977600 0 0 0 0
1690970400 0 0 0 0
1690963200 0 0 0 0
1690956000 0 0 0 0
1690948800 0 0 0 0
1690941600 0 0 0 0
1690934400 0 0 0 0
1690927200 0 0 0 0
1690920000 0 0 0 0
1690912800 0 0 0 0
1690905600 0 0 0 0
1690898400 0 0 0 0
1690891200 0 0 0 0
1690884000 0 0 0 0
1690876800 0 0 0 0
1690869600 0 0 0 0
1690862400 0 0 0 0
1690855200 0 0 0 0
1690848000 0 0 0 0
1690840800 0 0 0 0
1690833600 0 0 0 0
1690826400 0 0 0 0
1690819200 0 0 0 0
1690812000 0 0 0 0
1690804800 0 0 0 0
1690797600 0 0 0 0
1690790400 0 0 0 0
1690783200 0 0 0 0
1690776000 0 0 0 0
1690768800 0 0 0 0
1690761600 0 0 0 0
1690754400 0 0 0 0
1690747200 0 0 0 0
1690740000 0 0 0 0
1690732800 0 0 0 0
1690725600 0 0 0 0
1690718400 0 0 0 0
1690711200 0 0 0 0
1690704000 0 0 0 0
1690696800 0 0 0 0
1690689600 0 0 0 0
1690682400 0 0 0 0
1690675200 0 0 0 0
1690668000 0 0 0 0
1690660800 0 0 0 0
1690653600 0 0 0 0
1690646400 0 0 0 0
1690639200 0 0 0 0
1690632000 0 0 0 0
1690624800 0 0 0 0
1690617600 0 0 0 0
1690610400 0 0 0 0
1690603200 0 0 0 0
1690596000 0 0 0 0
1690588800 0 0 0 0
1690581600 0 0 0 0
1690574400 0 0 0 0
1690567200 0 0 0 0
1690560000 0 0 0 0
1690552800 0 0 0 0
1690545600 0 0 0 0
1690538400 0 0 0 0
1690531200 0 0 0 0
1690524000 0 0 0 0
1690516800 0 0 0 0
1690509600 0 0 0 0
1690502400 0 0 0 0
1690495200 0 0 0 0
1690488000 0 0 0 0
1690480800 0 0 0 0
1690473600 0 0 0 0
1690466400 0 0 0 0
1690459200 0 0 0 0
1690452000 0 0 0 0
1690444800 0 0 0 0
1690437600 0 0 0 0
1690430400 0 0 0 0
1690423200 0 0 0 0
1690416000 0 0 0 0
1690408800 0 0 0 0
1690401600 0 0 0 0
1690394400 0 0 0 0
1690387200 0 0 0 0
1690380000 0 0 0 0
1690372800 0 0 0 0
1690365600 0 0 0 0
1690358400 0 0 0 0
1690351200 0 0 0 0
1690344000 0 0 0 0
1690336800 0 0 0 0
1690329600 0 0 0 0
1690322400 0 0 0 0
1690315200 0 0 0 0
1690308000 0 0 0 0
1690300800 0 0 0 0
1690293600 0 0 0 0
1690286400 0 0 0 0
1690279200 0 0 0 0
1690272000 0 0 0 0
1690264800 0 0 0 0
1690257600 0 0 0 0
1690250400 0 0 0 0
1690243200 0 0 0 0
1690236000 0 0 0 0
1690228800 0 0 0 0
1690221600 0 0 0 0
1690214400 0 0 0 0
1690207200 0 0 0 0
1690200000 0 0 0 0
1690192800 0 0 0 0
1690185600 0 0 0 0
1690178400 0 0 0 0
1690171200 0 0 0 0
1690164000 0 0 0 0
1690156800 0 0 0 0
1690149600 0 0 0 0
1690142400 0 0 0 0
1690135200 0 0 0 0
1690128000 0 0 0 0
1690120800 0 0 0 0
1690113600 0 0 0 0
1690106400 0 0 0 0
1690099200 0 0 0 0
1690092000 0 0 0 0
1690084800 0 0 0 0
1690077600 0 0 0 0
1690070400 0 0 0 0
1690063200 0 0 0 0
1690056000 0 0 0 0
1690048800 0 0 0 0
1690041600 0 0 0 0
1690034400 0 0 0 0
1690027200 0 0 0 0
1690020000 0 0 0 0
1690012800 0 0 0 0
1690005600 0 0 0 0
1689998400 0 0 0 0
1689991200 0 0 0 0
1689984000 0 0 0 0
1689976800 0 0 0 0
1689969600 0 0 0 0
1689962400 0 0 0 0
1689955200 0 0 0 0
1689948000 0 0 0 0
1689940800 0 0 0 0
1689933600 0 0 0 0
1689926400 0 0 0 0
1689919200 0 0 0 0
1689912000 0 0 0 0
1689904800 0 0 0 0
1689897600 0 0 0 0
1689890400 0 0 0 0
1689883200 0 0 0 0
1689876000 0 0 0 0
1689868800 0 0 0 0
1689861600 0 0 0 0
1689854400 0 0 0 0
1689847200 0 0 0 0
1689840000 0 0 0 0
1689832800 0 0 0 0
1689825600 0 0 0 0
1689818400 0 0 0 0
1689811200 0 0 0 0
1689804000 0 0 0 0
1689796800 0 0 0 0
1689789600 0 0 0 0
1689782400 0 0 0 0
1689775200 0 0 0 0
1689768000 0 0 0 0
1689760800 0 0 0 0
1689753600 0 0 0 0
1689746400 0 0 0 0
1689739200 0 0 0 0
1689732000 0 0 0 0
1689724800 0 0 0 0
1689717600 0 0 0 0
1689710400 0 0 0 0
1689703200 0 0 0 0
1689696000 0 0 0 0
1689688800 0 0 0 0
1689681600 0 0 0 0
1689674400 0 0 0 0
1689667200 0 0 0 0
1689660000 0 0 0 0
1689652800 0 0 0 0
1689645600 0 0 0 0
1689638400 0 0 0 0
1689631200 0 0 0 0
1689624000 0 0 0 0
1689616800 0 0 0 0
1689609600 0 0 0 0
1689602400 0 0 0 0
1689595200 0 0 0 0
1689588000 0 0 0 0
1689580800 0 0 0 0
1689573600 0 0 0 0
1689566400 0 0 0 0
1689559200 0 0 0 0
1689552000 0 0 0 0
1689544800 0 0 0 0
1689537600 0 0 0 0
1689530400 0 0 0 0
1689523200 0 0 0 0
1689516000 0 0 0 0
1689508800 0 0 0 0
1689501600 0 0 0 0
1689494400 0 0 0 0
1689487200 0 0 0 0
1689480000 0 0 0 0
1689472800 0 0 0 0
1689465600 0 0 0 0
1689458400 0 0 0 0
1689451200 0 0 0 0
1689444000 0 0 0 0
1689436800 0 0 0 0
1689429600 0 0 0 0
1689422400 0 0 0 0
1689415200 0 0 0 0
1689408000 0 0 0 0
1689400800 0 0 0 0
1689393600 0 0 0 0
1689386400 0 0 0 0
1689379200 0 0 0 0
1689372000 0 0 0 0
1689364800 0 0 0 0
1689357600 0 0 0 0
1689350400 0 0 0 0
1689343200 0 0 0 0
1689336000 0 0 0 0
1689328800 0 0 0 0
1689321600 0 0 0 0
1689314400 0 0 0 0
1689307200 0 0 0 0
1689300000 0 0 0 0
1689292800 0 0 0 0
1689285600 0 0 0 0
1689278400 0 0 0 0
1689271200 0 0 0 0
1689264000 0 0 0 0
1689256800 0 0 0 0
1689249600 0 0 0 0
1689242400 0 0 0 0
1689235200 0 0 0 0
1689228000 0 0 0 0
1689220800 0 0 0 0
1689213600 0 0 0 0
1689206400 0 0 0 0
1689199200 0 0 0 0
1689192000 0 0 0 0
1689184800 0 0 0 0
1689177600 0 0 0 0
1689170400 0 0 0 0
1689163200 0 0 0 0
1689156000 0 0 0 0
1689148800 0 0 0 0
1689141600 0 0 0 0
1689134400 0 0 0 0
1689127200 0 0 0 0
1689120000 0 0 0 0
1689112800 0 0 0 0
1689105600 0 0 0 0
1689098400 0 0 0 0
1689091200 0 0 0 0
1689084000 0 0 0 0
1689076800 0 0 0 0
1689069600 0 0 0 0
1689062400 0 0 0 0
1689055200 0 0 0 0
1689048000 0 0 0 0
1689040800 0 0 0 0
1689033600 0 0 0 0
1688947200 0 0 0 0
1688860800 0 0 0 0
1688774400 0 0 0 0
1688688000 0 0 0 0
1688601600 0 0 0 0
1688515200 0 0 0 0
1688428800 0 0 0 0
1688342400 0 0 0 0
1688256000 0 0 0 0
1688169600 0 0 0 0
1688083200 0 0 0 0
1687996800 0 0 0 0
1687910400 0 0 0 0
1687824000 0 0 0 0
1687737600 0 0 0 0
1687651200 0 0 0 0
1687564800 0 0 0 0
1687478400 0 0 0 0
1687392000 0 0 0 0
1687305600 0 0 0 0
1687219200 0 0 0 0
1687132800 0 0 0 0
1687046400 0 0 0 0
1686960000 0 0 0 0
1686873600 0 0 0 0
1686787200 0 0 0 0
1686700800 0 0 0 0
1686614400 0 0 0 0
1686528000 0 0 0 0
1686441600 0 0 0 0
1686355200 0 0 0 0
1686268800 0 0 0 0
1686182400 0 0 0 0
1686096000 0 0 0 0
1686009600 0 0 0 0
1685923200 0 0 0 0
1685836800 0 0 0 0
1685750400 0 0 0 0
1685664000 0 0 0 0
1685577600 0 0 0 0
1685491200 0 0 0 0
1685404800 0 0 0 0
1685318400 0 0 0 0
1685232000 0 0 0 0
1685145600 0 0 0 0
1685059200 0 0 0 0
1684972800 0 0 0 0
1684886400 0 0 0 0
1684800000 0 0 0 0
1684713600 0 0 0 0
1684627200 0 0 0 0
1684540800 0 0 0 0
1684454400 0 0 0 0
1684368000 0 0 0 0
1684281600 0 0 0 0
1684195200 0 0 0 0
1684108800 0 0 0 0
1684022400 0 0 0 0
1683936000 0 0 0 0
1683849600 0 0 0 0
1683763200 0 0 0 0
1683676800 0 0 0 0
1683590400 0 0 0 0
1683504000 0 0 0 0
1683417600 0 0 0 0
1683331200 0 0 0 0
1683244800 0 0 0 0
1683158400 0 0 0 0
1683072000 0 0 0 0
1682985600 0 0 0 0
1682899200 0 0 0 0
1682812800 0 0 0 0
1682726400 0 0 0 0
1682640000 0 0 0 0
1682553600 0 0 0 0
1682467200 0 0 0 0
1682380800 0 0 0 0
1682294400 0 0 0 0
1682208000 0 0 0 0
1682121600 0 0 0 0
1682035200 0 0 0 0
1681948800 0 0 0 0
1681862400 0 0 0 0
1681776000 0 0 0 0
1681689600 0 0 0 0
1681603200 0 0 0 0
1681516800 0 0 0 0
1681430400 0 0 0 0
1681344000 0 0 0 0
1681257600 0 0 0 0
1681171200 0 0 0 0
1681084800 0 0 0 0
1680998400 0 0 0 0
1680912000 0 0 0 0
1680825600 0 0 0 0
1680739200 0 0 0 0
1680652800 0 0 0 0
1680566400 0 0 0 0
1680480000 0 0 0 0
1680393600 0 0 0 0
1680307200 0 0 0 0
1680220800 0 0 0 0
1680134400 0 0 0 0
1680048000 0 0 0 0
1679961600 0 0 0 0
1679875200 0 0 0 0
1679788800 0 0 0 0
1679702400 0 0 0 0
1679616000 0 0 0 0
1679529600 0 0 0 0
1679443200 0 0 0 0
1679356800 0 0 0 0
1679270400 0 0 0 0
1679184000 0 0 0 0
1679097600 0 0 0 0
1679011200 0 0 0 0
1678924800 0 0 0 0
1678838400 0 0 0 0
1678752000 0 0 0 0
1678665600 0 0 0 0
1678579200 0 0 0 0
1678492800 0 0 0 0
1678406400 0 0 0 0
1678320000 0 0 0 0
1678233600 0 0 0 0
1678147200 0 0 0 0
1678060800 0 0 0 0
1677974400 0 0 0 0
1677888000 0 0 0 0
1677801600 0 0 0 0
1677715200 0 0 0 0
1677628800 0 0 0 0
1677542400 0 0 0 0
1677456000 0 0 0 0
1677369600 0 0 0 0
1677283200 0 0 0 0
1677196800 0 0 0 0
1677110400 0 0 0 0
1677024000 0 0 0 0
1676937600 0 0 0 0
1676851200 0 0 0 0
1676764800 0 0 0 0
1676678400 0 0 0 0
1676592000 0 0 0 0
1676505600 0 0 0 0
1676419200 0 0 0 0
1676332800 0 0 0 0
1676246400 0 0 0 0
1676160000 0 0 0 0
1676073600 0 0 0 0
1675987200 0 0 0 0
1675900800 0 0 0 0
1675814400 0 0 0 0
1675728000 0 0 0 0
1675641600 0 0 0 0
1675555200 0 0 0 0
1675468800 0 0 0 0
1675382400 0 0 0 0
1675296000 0 0 0 0
1675209600 0 0 0 0
1675123200 0 0 0 0
1675036800 0 0 0 0
1674950400 0 0 0 0
1674864000 0 0 0 0
1674777600 0 0 0 0
1674691200 0 0 0 0
1674604800 0 0 0 0
1674518400 0 0 0 0
1674432000 0 0 0 0
1674345600 0 0 0 0
1674259200 0 0 0 0
1674172800 0 0 0 0
1674086400 0 0 0 0
1674000000 0 0 0 0
1673913600 0 0 0 0
1673827200 0 0 0 0
1673740800 0 0 0 0
1673654400 0 0 0 0
1673568000 0 0 0 0
1673481600 0 0 0 0
1673395200 0 0 0 0
1673308800 0 0 0 0
1673222400 0 0 0 0
1673136000 0 0 0 0
1673049600 0 0 0 0
1672963200 0 0 0 0
1672876800 0 0 0 0
1672790400 0 0 0 0
1672704000 0 0 0 0
1672617600 0 0 0 0
1672531200 0 0 0 0
1672444800 0 0 0 0
1672358400 0 0 0 0
1672272000 0 0 0 0
1672185600 0 0 0 0
1672099200 0 0 0 0
1672012800 0 0 0 0
1671926400 0 0 0 0
1671840000 0 0 0 0
1671753600 0 0 0 0
1671667200 0 0 0 0
1671580800 0 0 0 0
1671494400 0 0 0 0
1671408000 0 0 0 0
1671321600 0 0 0 0
1671235200 0 0 0 0
1671148800 0 0 0 0
1671062400 0 0 0 0
1670976000 0 0 0 0
1670889600 0 0 0 0
1670803200 0 0 0 0
1670716800 0 0 0 0
1670630400 0 0 0 0
1670544000 0 0 0 0
1670457600 0 0 0 0
1670371200 0 0 0 0
1670284800 0 0 0 0
1670198400 0 0 0 0
1670112000 0 0 0 0
1670025600 0 0 0 0
1669939200 0 0 0 0
1669852800 0 0 0 0
1669766400 0 0 0 0
1669680000 0 0 0 0
1669593600 0 0 0 0
1669507200 0 0 0 0
1669420800 0 0 0 0
1669334400 0 0 0 0
1669248000 0 0 0 0
1669161600 0 0 0 0
1669075200 0 0 0 0
1668988800 0 0 0 0
1668902400 0 0 0 0
1668816000 0 0 0 0
1668729600 0 0 0 0
1668643200 0 0 0 0
1668556800 0 0 0 0
1668470400 0 0 0 0
1668384000 0 0 0 0
1668297600 0 0 0 0
1668211200 0 0 0 0
1668124800 0 0 0 0
1668038400 0 0 0 0
1667952000 0 0 0 0
1667865600 0 0 0 0
1667779200 0 0 0 0
1667692800 0 0 0 0
1667606400 0 0 0 0
1667520000 0 0 0 0
1667433600 0 0 0 0
1667347200 0 0 0 0
1667260800 0 0 0 0
1667174400 0 0 0 0
1667088000 0 0 0 0
1667001600 0 0 0 0
1666915200 0 0 0 0
1666828800 0 0 0 0
1666742400 0 0 0 0
1666656000 0 0 0 0
1666569600 0 0 0 0
1666483200 0 0 0 0
1666396800 0 0 0 0
1666310400 0 0 0 0
1666224000 0 0 0 0
1666137600 0 0 0 0
1666051200 0 0 0 0
1665964800 0 0 0 0
1665878400 0 0 0 0
1665792000 0 0 0 0
1665705600 0 0 0 0
1665619200 0 0 0 0
1665532800 0 0 0 0
1665446400 0 0 0 0
1665360000 0 0 0 0
1665273600 0 0 0 0
1665187200 0 0 0 0
1665100800 0 0 0 0
1665014400 0 0 0 0
1664928000 0 0 0 0
1664841600 0 0 0 0
1664755200 0 0 0 0
1664668800 0 0 0 0
1664582400 0 0 0 0
1664496000 0 0 0 0
1664409600 0 0 0 0
1664323200 0 0 0 0
1664236800 0 0 0 0
1664150400 0 0 0 0
1664064000 0 0 0 0
1663977600 0 0 0 0
1663891200 0 0 0 0
1663804800 0 0 0 0
1663718400 0 0 0 0
1663632000 0 0 0 0
1663545600 0 0 0 0
1663459200 0 0 0 0
1663372800 0 0 0 0
1663286400 0 0 0 0
1663200000 0 0 0 0
1663113600 0 0 0 0
1663027200 0 0 0 0
1662940800 0 0 0 0
1662854400 0 0 0 0
1662768000 0 0 0 0
1662681600 0 0 0 0
1662595200 0 0 0 0
1662508800 0 0 0 0
1662422400 0 0 0 0
1662336000 0 0 0 0
1662249600 0 0 0 0
1662163200 0 0 0 0
1662076800 0 0 0 0
1661990400 0 0 0 0
1661904000 0 0 0 0
1661817600 0 0 0 0
1661731200 0 0 0 0
1661644800 0 0 0 0
1661558400 0 0 0 0
1661472000 0 0 0 0
1661385600 0 0 0 0
1661299200 0 0 0 0
1661212800 0 0 0 0
1661126400 0 0 0 0
1661040000 0 0 0 0
1660953600 0 0 0 0
1660867200 0 0 0 0
1660780800 0 0 0 0
1660694400 0 0 0 0
1660608000 0 0 0 0
1660521600 0 0 0 0
1660435200 0 0 0 0
1660348800 0 0 0 0
1660262400 0 0 0 0
1660176000 0 0 0 0
1660089600 0 0 0 0
1660003200 0 0 0 0
1659916800 0 0 0 0
1659830400 0 0 0 0
1659744000 0 0 0 0
1659657600 0 0 0 0
1659571200 0 0 0 0
1659484800 0 0 0 0
1659398400 0 0 0 0
1659312000 0 0 0 0
1659225600 0 0 0 0
1659139200 0 0 0 0
1659052800 0 0 0 0
1658966400 0 0 0 0
1658880000 0 0 0 0
1658793600 0 0 0 0
1658707200 0 0 0 0
1658620800 0 0 0 0
1658534400 0 0 0 0
1658448000 0 0 0 0
1658361600 0 0 0 0
1658275200 0 0 0 0
1658188800 0 0 0 0
1658102400 0 0 0 0
1658016000 0 0 0 0
1657929600 0 0 0 0
1657843200 0 0 0 0
1657756800 0 0 0 0
1657670400 0 0 0 0
1657584000 0 0 0 0
1657497600 0 0 0 0
1657411200 0 0 0 0
1657324800 0 0 0 0
1657238400 0 0 0 0
1657152000 0 0 0 0
1657065600 0 0 0 0
1656979200 0 0 0 0
1656892800 0 0 0 0
1656806400 0 0 0 0
1656720000 0 0 0 0
1656633600 0 0 0 0
1656547200 0 0 0 0
1656460800 0 0 0 0
1656374400 0 0 0 0
1656288000 0 0 0 0
1656201600 0 0 0 0
1656115200 0 0 0 0
1656028800 0 0 0 0
1655942400 0 0 0 0
1655856000 0 0 0 0
1655769600 0 0 0 0
1655683200 0 0 0 0
1655596800 0 0 0 0
1655510400 0 0 0 0
1655424000 0 0 0 0
1655337600 0 0 0 0
1655251200 0 0 0 0
1655164800 0 0 0 0
1655078400 0 0 0 0
1654992000 0 0 0 0
1654905600 0 0 0 0
1654819200 0 0 0 0
1654732800 0 0 0 0
1654646400 0 0 0 0
1654560000 0 0 0 0
1654473600 0 0 0 0
1654387200 0 0 0 0
1654300800 0 0 0 0
1654214400 0 0 0 0
1654128000 0 0 0 0
1654041600 0 0 0 0
1653955200 0 0 0 0
1653868800 0 0 0 0
1653782400 0 0 0 0
1653696000 0 0 0 0
1653609600 0 0 0 0
1653523200 0 0 0 0
1653436800 0 0 0 0
1653350400 0 0 0 0
1653264000 0 0 0 0
1653177600 0 0 0 0
1653091200 0 0 0 0
1653004800 0 0 0 0
1652918400 0 0 0 0
1652832000 0 0 0 0
1652745600 0 0 0 0
1652659200 0 0 0 0
1652572800 0 0 0 0
1652486400 0 0 0 0
1652400000 0 0 0 0
1652313600 0 0 0 0
1652227200 0 0 0 0
1652140800 0 0 0 0
1652054400 0 0 0 0
1651968000 0 0 0 0
1651881600 0 0 0 0
1651795200 0 0 0 0
1651708800 0 0 0 0
1651622400 0 0 0 0
1651536000 0 0 0 0
1651449600 0 0 0 0
1651363200 0 0 0 0
1651276800 0 0 0 0
1651190400 0 0 0 0
1651104000 0 0 0 0
1651017600 0 0 0 0
1650931200 0 0 0 0
1650844800 0 0 0 0
1650758400 0 0 0 0
1650672000 0 0 0 0
1650585600 0 0 0 0
1650499200 0 0 0 0
1650412800 0 0 0 0
1650326400 0 0 0 0
1650240000 0 0 0 0
1650153600 0 0 0 0
1650067200 0 0 0 0
1649980800 0 0 0 0
1649894400 0 0 0 0
1649808000 0 0 0 0
1649721600 0 0 0 0
1649635200 0 0 0 0
1649548800 0 0 0 0
1649462400 0 0 0 0
1649376000 0 0 0 0
1649289600 0 0 0 0
1649203200 0 0 0 0
1649116800 0 0 0 0
1649030400 0 0 0 0
1648944000 0 0 0 0
1648857600 0 0 0 0
1648771200 0 0 0 0
1648684800 0 0 0 0
1648598400 0 0 0 0
1648512000 0 0 0 0
1648425600 0 0 0 0
1648339200 0 0 0 0
1648252800 0 0 0 0
1648166400 0 0 0 0
1648080000 0 0 0 0
1647993600 0 0 0 0
1647907200 0 0 0 0
1647820800 0 0 0 0
1647734400 0 0 0 0
1647648000 0 0 0 0
1647561600 0 0 0 0
1647475200 0 0 0 0
1647388800 0 0 0 0
1647302400 0 0 0 0
1647216000 0 0 0 0
1647129600 0 0 0 0
1647043200 0 0 0 0
1646956800 0 0 0 0
1646870400 0 0 0 0
1646784000 0 0 0 0
1646697600 0 0 0 0
1646611200 0 0 0 0
1646524800 0 0 0 0
1646438400 0 0 0 0
1646352000 0 0 0 0
1646265600 0 0 0 0
1646179200 0 0 0 0
1646092800 0 0 0 0
1646006400 0 0 0 0
1645920000 0 0 0 0
1645833600 0 0 0 0
1645747200 0 0 0 0
1645660800 0 0 0 0
1645574400 0 0 0 0
1645488000 0 0 0 0
1645401600 0 0 0 0
1645315200 0 0 0 0
1645228800 0 0 0 0
1645142400 0 0 0 0
1645056000 0 0 0 0
1644969600 0 0 0 0
1644883200 0 0 0 0
1644796800 0 0 0 0
1644710400 0 0 0 0
1644624000 0 0 0 0
1644537600 0 0 0 0
1644451200 0 0 0 0
1644364800 0 0 0 0
1644278400 0 0 0 0
1644192000 0 0 0 0
1644105600 0 0 0 0
1644019200 0 0 0 0
1643932800 0 0 0 0
1643846400 0 0 0 0
1643760000 0 0 0 0
1643673600 0 0 0 0
1643587200 0 0 0 0
1643500800 0 0 0 0
1643414400 0 0 0 0
1643328000 0 0 0 0
1643241600 0 0 0 0
1643155200 0 0 0 0
1643068800 0 0 0 0
1642982400 0 0 0 0
1642896000 0 0 0 0
1642809600 0 0 0 0
1642723200 0 0 0 0
1642636800 0 0 0 0
1642550400 0 0 0 0
1642464000 0 0 0 0
1642377600 0 0 0 0
1642291200 0 0 0 0
1642204800 0 0 0 0
1642118400 0 0 0 0
1642032000 0 0 0 0
1641945600 0 0 0 0
1641859200 0 0 0 0
1641772800 0 0 0 0
1641686400 0 0 0 0
1641600000 0 0 0 0
1641513600 0 0 0 0
1641427200 0 0 0 0
1641340800 0 0 0 0
1641254400 0 0 0 0
1641168000 0 0 0 0
1641081600 0 0 0 0
1640995200 0 0 0 0
1640908800 0 0 0 0
1640822400 0 0 0 0
1640736000 0 0 0 0
1640649600 0 0 0 0
1640563200 0 0 0 0
1640476800 0 0 0 0
1640390400 0 0 0 0
1640304000 0 0 0 0
1640217600 0 0 0 0
1640131200 0 0 0 0
1640044800 0 0 0 0
1639958400 0 0 0 0
1639872000 0 0 0 0
1639785600 0 0 0 0
1639699200 0 0 0 0
1639612800 0 0 0 0
1639526400 0 0 0 0
1639440000 0 0 0 0
1639353600 0 0 0 0
1639267200 0 0 0 0
1639180800 0 0 0 0
1639094400 0 0 0 0
1639008000 0 0 0 0
1638921600 0 0 0 0
1638835200 0 0 0 0
1638748800 0 0 0 0
1638662400 0 0 0 0
1638576000 0 0 0 0
1638489600 0 0 0 0
1638403200 0 0 0 0
1638316800 0 0 0 0
1638230400 0 0 0 0
1638144000 0 0 0 0
1638057600 0 0 0 0
1637971200 0 0 0 0
1637884800 0 0 0 0
1637798400 0 0 0 0
1637712000 0 0 0 0
1637625600 0 0 0 0
1637539200 0 0 0 0
1637452800 0 0 0 0
1637366400 0 0 0 0
1637280000 0 0 0 0
1637193600 0 0 0 0
1637107200 0 0 0 0
1637020800 0 0 0 0
1636934400 0 0 0 0
1636848000 0 0 0 0
1636761600 0 0 0 0
1636675200 0 0 0 0
1636588800 0 0 0 0
1636502400 0 0 0 0
1636416000 0 0 0 0
1636329600 0 0 0 0
1636243200 0 0 0 0
1636156800 0 0 0 0
1636070400 0 0 0 0
1635984000 0 0 0 0
1635897600 0 0 0 0
1635811200 0 0 0 0
1635724800 0 0 0 0
1635638400 0 0 0 0
1635552000 0 0 0 0
1635465600 0 0 0 0
1635379200 0 0 0 0
1635292800 0 0 0 0
1635206400 0 0 0 0
1635120000 0 0 0 0
1635033600 0 0 0 0
1634947200 0 0 0 0
1634860800 0 0 0 0
1634774400 0 0 0 0
1634688000 0 0 0 0
1634601600 0 0 0 0
1634515200 0 0 0 0
1634428800 0 0 0 0
1634342400 0 0 0 0
1634256000 0 0 0 0
1634169600 0 0 0 0
1634083200 0 0 0 0
1633996800 0 0 0 0
1633910400 0 0 0 0
1633824000 0 0 0 0
1633737600 0 0 0 0
1633651200 0 0 0 0
1633564800 0 0 0 0
1633478400 0 0 0 0
1633392000 0 0 0 0
1633305600 0 0 0 0
1633219200 0 0 0 0
1633132800 0 0 0 0
1633046400 0 0 0 0
1632960000 0 0 0 0
1632873600 0 0 0 0
1632787200 0 0 0 0
1632700800 0 0 0 0
1632614400 0 0 0 0
1632528000 0 0 0 0
1632441600 0 0 0 0
1632355200 0 0 0 0
1632268800 0 0 0 0
1632182400 0 0 0 0
1632096000 0 0 0 0
1632009600 0 0 0 0
1631923200 0 0 0 0
1631836800 0 0 0 0
1631750400 0 0 0 0
1631664000 0 0 0 0
1631577600 0 0 0 0
1631491200 0 0 0 0
1631404800 0 0 0 0
1631318400 0 0 0 0
1631232000 0 0 0 0
1631145600 0 0 0 0
1631059200 0 0 0 0
1630972800 0 0 0 0
1630886400 0 0 0 0
1630800000 0 0 0 0
1630713600 0 0 0 0
1630627200 0 0 0 0
1630540800 0 0 0 0
1630454400 0 0 0 0
1630368000 0 0 0 0
1630281600 0 0 0 0
1630195200 0 0 0 0
1630108800 0 0 0 0
1630022400 0 0 0 0
1629936000 0 0 0 0
1629849600 0 0 0 0
1629763200 0 0 0 0
1629676800 0 0 0 0
1629590400 0 0 0 0
1629504000 0 0 0 0
1629417600 0 0 0 0
1629331200 0 0 0 0
1629244800 0 0 0 0
1629158400 0 0 0 0
1629072000 0 0 0 0
1628985600 0 0 0 0
1628899200 0 0 0 0
1628812800 0 0 0 0
1628726400 0 0 0 0
1628640000 0 0 0 0
1628553600 0 0 0 0
1628467200 0 0 0 0
1628380800 0 0 0 0
1628294400 0 0 0 0
1628208000 0 0 0 0
1628121600 0 0 0 0
1628035200 0 0 0 0
1627948800 0 0 0 0
1627862400 0 0 0 0
1627776000 0 0 0 0
1627689600 0 0 0 0
1627603200 0 0 0 0
1627516800 0 0 0 0
1627430400 0 0 0 0
1627344000 0 0 0 0
1627257600 0 0 0 0
1627171200 0 0 0 0
1627084800 0 0 0 0
1626998400 0 0 0 0
1626912000 0 0 0 0
1626825600 0 0 0 0
1626739200 0 0 0 0
1626652800 0 0 0 0
1626566400 0 0 0 0
1626480000 0 0 0 0
1626393600 0 0 0 0
1626307200 0 0 0 0
1626220800 0 0 0 0
1626134400 0 0 0 0
1626048000 0 0 0 0
1625961600 0 0 0 0
1625875200 0 0 0 0
